<?xml version="1.0" encoding="UTF-8"?>
<!-- Generated by org.testng.reporters.JUnitReportReporter -->
<testsuite hostname="M2B-L-HC10NW2" name="testCases.TestClass" tests="1" failures="0" timestamp="22 Jul 2020 13:43:29 GMT" time="65.536" errors="0">
  <testcase name="m1" time="65.536" classname="testCases.TestClass"/>
</testsuite> <!-- testCases.TestClass -->
