<?xml version="1.0" encoding="UTF-8"?>
<!-- Generated by org.testng.reporters.JUnitReportReporter -->
<testsuite hostname="M2B-L-HC10NW2" name="testCases.TestClass" tests="1" failures="0" timestamp="23 Jul 2020 10:55:24 GMT" time="0.019" errors="0">
  <testcase name="m1" time="0.019" classname="testCases.TestClass"/>
</testsuite> <!-- testCases.TestClass -->
